0 info it worked if it ends with ok
1 verbose cli [ '/usr/bin/nodejs', '/usr/bin/npm', 'publish' ]
2 info using npm@1.3.10
3 info using node@v0.10.25
4 verbose publish [ '.' ]
5 verbose cache add [ '.', null ]
6 verbose cache add name=undefined spec="." args=[".",null]
7 verbose parsed url { protocol: null,
7 verbose parsed url   slashes: null,
7 verbose parsed url   auth: null,
7 verbose parsed url   host: null,
7 verbose parsed url   port: null,
7 verbose parsed url   hostname: null,
7 verbose parsed url   hash: null,
7 verbose parsed url   search: null,
7 verbose parsed url   query: null,
7 verbose parsed url   pathname: '.',
7 verbose parsed url   path: '.',
7 verbose parsed url   href: '.' }
8 silly lockFile 3a52ce78- .
9 verbose lock . /home/mihaly/.npm/3a52ce78-.lock
10 verbose tar pack [ '/home/mihaly/tmp/npm-17037-sWOjWn_W/1428680889425-0.4519062105100602/tmp.tgz',
10 verbose tar pack   '.' ]
11 verbose tarball /home/mihaly/tmp/npm-17037-sWOjWn_W/1428680889425-0.4519062105100602/tmp.tgz
12 verbose folder .
13 silly lockFile 1f1177db-tar tar://.
14 verbose lock tar://. /home/mihaly/.npm/1f1177db-tar.lock
15 silly lockFile b8abfd8f-89425-0-4519062105100602-tmp-tgz tar:///home/mihaly/tmp/npm-17037-sWOjWn_W/1428680889425-0.4519062105100602/tmp.tgz
16 verbose lock tar:///home/mihaly/tmp/npm-17037-sWOjWn_W/1428680889425-0.4519062105100602/tmp.tgz /home/mihaly/.npm/b8abfd8f-89425-0-4519062105100602-tmp-tgz.lock
17 silly lockFile 1f1177db-tar tar://.
18 silly lockFile 1f1177db-tar tar://.
19 silly lockFile b8abfd8f-89425-0-4519062105100602-tmp-tgz tar:///home/mihaly/tmp/npm-17037-sWOjWn_W/1428680889425-0.4519062105100602/tmp.tgz
20 silly lockFile b8abfd8f-89425-0-4519062105100602-tmp-tgz tar:///home/mihaly/tmp/npm-17037-sWOjWn_W/1428680889425-0.4519062105100602/tmp.tgz
21 verbose tar unpack /home/mihaly/tmp/npm-17037-sWOjWn_W/1428680889425-0.4519062105100602/tmp.tgz
22 silly lockFile 8ac1a7bb-89425-0-4519062105100602-package tar:///home/mihaly/tmp/npm-17037-sWOjWn_W/1428680889425-0.4519062105100602/package
23 verbose lock tar:///home/mihaly/tmp/npm-17037-sWOjWn_W/1428680889425-0.4519062105100602/package /home/mihaly/.npm/8ac1a7bb-89425-0-4519062105100602-package.lock
24 silly lockFile b8abfd8f-89425-0-4519062105100602-tmp-tgz tar:///home/mihaly/tmp/npm-17037-sWOjWn_W/1428680889425-0.4519062105100602/tmp.tgz
25 verbose lock tar:///home/mihaly/tmp/npm-17037-sWOjWn_W/1428680889425-0.4519062105100602/tmp.tgz /home/mihaly/.npm/b8abfd8f-89425-0-4519062105100602-tmp-tgz.lock
26 silly gunzTarPerm modes [ '755', '644' ]
27 silly gunzTarPerm extractEntry package.json
28 silly gunzTarPerm modified mode [ 'package.json', 436, 420 ]
29 silly gunzTarPerm extractEntry .npmignore
30 silly gunzTarPerm modified mode [ '.npmignore', 436, 420 ]
31 silly gunzTarPerm extractEntry README.md
32 silly gunzTarPerm modified mode [ 'README.md', 436, 420 ]
33 silly gunzTarPerm extractEntry Gruntfile
34 silly gunzTarPerm modified mode [ 'Gruntfile', 436, 420 ]
35 silly gunzTarPerm extractEntry bower.json
36 silly gunzTarPerm modified mode [ 'bower.json', 436, 420 ]
37 silly gunzTarPerm extractEntry demo/demo.html
38 silly gunzTarPerm modified mode [ 'demo/demo.html', 436, 420 ]
39 silly gunzTarPerm extractEntry dist/lwng-modal.min.js
40 silly gunzTarPerm modified mode [ 'dist/lwng-modal.min.js', 436, 420 ]
41 silly gunzTarPerm extractEntry src/lwng-modal.js
42 silly gunzTarPerm modified mode [ 'src/lwng-modal.js', 436, 420 ]
43 silly lockFile 8ac1a7bb-89425-0-4519062105100602-package tar:///home/mihaly/tmp/npm-17037-sWOjWn_W/1428680889425-0.4519062105100602/package
44 silly lockFile 8ac1a7bb-89425-0-4519062105100602-package tar:///home/mihaly/tmp/npm-17037-sWOjWn_W/1428680889425-0.4519062105100602/package
45 silly lockFile b8abfd8f-89425-0-4519062105100602-tmp-tgz tar:///home/mihaly/tmp/npm-17037-sWOjWn_W/1428680889425-0.4519062105100602/tmp.tgz
46 silly lockFile b8abfd8f-89425-0-4519062105100602-tmp-tgz tar:///home/mihaly/tmp/npm-17037-sWOjWn_W/1428680889425-0.4519062105100602/tmp.tgz
47 verbose tar pack [ '/home/mihaly/.npm/lwng-modal/0.0.0/package.tgz',
47 verbose tar pack   '/home/mihaly/tmp/npm-17037-sWOjWn_W/1428680889425-0.4519062105100602/package' ]
48 verbose tarball /home/mihaly/.npm/lwng-modal/0.0.0/package.tgz
49 verbose folder /home/mihaly/tmp/npm-17037-sWOjWn_W/1428680889425-0.4519062105100602/package
50 silly lockFile 8ac1a7bb-89425-0-4519062105100602-package tar:///home/mihaly/tmp/npm-17037-sWOjWn_W/1428680889425-0.4519062105100602/package
51 verbose lock tar:///home/mihaly/tmp/npm-17037-sWOjWn_W/1428680889425-0.4519062105100602/package /home/mihaly/.npm/8ac1a7bb-89425-0-4519062105100602-package.lock
52 silly lockFile a2b34f66-npm-lwng-modal-0-0-0-package-tgz tar:///home/mihaly/.npm/lwng-modal/0.0.0/package.tgz
53 verbose lock tar:///home/mihaly/.npm/lwng-modal/0.0.0/package.tgz /home/mihaly/.npm/a2b34f66-npm-lwng-modal-0-0-0-package-tgz.lock
54 silly lockFile 8ac1a7bb-89425-0-4519062105100602-package tar:///home/mihaly/tmp/npm-17037-sWOjWn_W/1428680889425-0.4519062105100602/package
55 silly lockFile 8ac1a7bb-89425-0-4519062105100602-package tar:///home/mihaly/tmp/npm-17037-sWOjWn_W/1428680889425-0.4519062105100602/package
56 silly lockFile a2b34f66-npm-lwng-modal-0-0-0-package-tgz tar:///home/mihaly/.npm/lwng-modal/0.0.0/package.tgz
57 silly lockFile a2b34f66-npm-lwng-modal-0-0-0-package-tgz tar:///home/mihaly/.npm/lwng-modal/0.0.0/package.tgz
58 silly lockFile 2b7e0f7f-aly-npm-lwng-modal-0-0-0-package /home/mihaly/.npm/lwng-modal/0.0.0/package
59 verbose lock /home/mihaly/.npm/lwng-modal/0.0.0/package /home/mihaly/.npm/2b7e0f7f-aly-npm-lwng-modal-0-0-0-package.lock
60 silly lockFile 2b7e0f7f-aly-npm-lwng-modal-0-0-0-package /home/mihaly/.npm/lwng-modal/0.0.0/package
61 silly lockFile 2b7e0f7f-aly-npm-lwng-modal-0-0-0-package /home/mihaly/.npm/lwng-modal/0.0.0/package
62 verbose tar unpack /home/mihaly/.npm/lwng-modal/0.0.0/package.tgz
63 silly lockFile 810b34b5-aly-npm-lwng-modal-0-0-0-package tar:///home/mihaly/.npm/lwng-modal/0.0.0/package
64 verbose lock tar:///home/mihaly/.npm/lwng-modal/0.0.0/package /home/mihaly/.npm/810b34b5-aly-npm-lwng-modal-0-0-0-package.lock
65 silly lockFile a2b34f66-npm-lwng-modal-0-0-0-package-tgz tar:///home/mihaly/.npm/lwng-modal/0.0.0/package.tgz
66 verbose lock tar:///home/mihaly/.npm/lwng-modal/0.0.0/package.tgz /home/mihaly/.npm/a2b34f66-npm-lwng-modal-0-0-0-package-tgz.lock
67 silly gunzTarPerm modes [ '755', '644' ]
68 silly gunzTarPerm extractEntry package.json
69 silly gunzTarPerm extractEntry .npmignore
70 silly gunzTarPerm extractEntry README.md
71 silly gunzTarPerm extractEntry Gruntfile
72 silly gunzTarPerm extractEntry bower.json
73 silly gunzTarPerm extractEntry demo/demo.html
74 silly gunzTarPerm extractEntry dist/lwng-modal.min.js
75 silly gunzTarPerm extractEntry src/lwng-modal.js
76 silly lockFile 810b34b5-aly-npm-lwng-modal-0-0-0-package tar:///home/mihaly/.npm/lwng-modal/0.0.0/package
77 silly lockFile 810b34b5-aly-npm-lwng-modal-0-0-0-package tar:///home/mihaly/.npm/lwng-modal/0.0.0/package
78 silly lockFile a2b34f66-npm-lwng-modal-0-0-0-package-tgz tar:///home/mihaly/.npm/lwng-modal/0.0.0/package.tgz
79 silly lockFile a2b34f66-npm-lwng-modal-0-0-0-package-tgz tar:///home/mihaly/.npm/lwng-modal/0.0.0/package.tgz
80 verbose chmod /home/mihaly/.npm/lwng-modal/0.0.0/package.tgz 644
81 verbose chown /home/mihaly/.npm/lwng-modal/0.0.0/package.tgz [ 1000, 1000 ]
82 silly lockFile 3a52ce78- .
83 silly lockFile 3a52ce78- .
84 silly publish { name: 'lwng-modal',
84 silly publish   version: '0.0.0',
84 silly publish   description: 'Node dependencies for lwng-modal',
84 silly publish   main: 'index.js',
84 silly publish   scripts: { test: 'echo "Error: no test specified" && exit 1' },
84 silly publish   repository:
84 silly publish    { type: 'git',
84 silly publish      url: 'https://github.com/MikeSpock/lwng-modal.git' },
84 silly publish   author: '',
84 silly publish   license: 'BSD-2-Clause',
84 silly publish   bugs: { url: 'https://github.com/MikeSpock/lwng-modal/issues' },
84 silly publish   devDependencies:
84 silly publish    { grunt: '~0.4.5',
84 silly publish      'grunt-release': '~0.12.0',
84 silly publish      'grunt-contrib-uglify': '~0.9.1' },
84 silly publish   readme: '# lwng-modal\nLightweight Angular Bootstrap Modal\n\n\n\n\n Usage:\n\n ==DIALOG\n\n betterbrandModal.dialog({title:"My modal!!", template:"<div class=\'modal-body\'><h1>Hello there </h1></div><div class=\'modal-footer\'><button ng-click=\'modal.resolve(\\"end1111!!\\")\'>Resolve1</button><button ng-click=\'modal.resolve(\\"end22222!!\\")\'>Resolve2</button><button ng-click=\'modal.reject(\\"end!!\\")\'>Reject</button></div>"},$scope).then(\n function(result){\n console.log(\'SUCCESS RESOLVE\',result)\n },\n function(){\n console.log(\'SUCCESS REJECT\')\n }\n );\n\n== CONFIRM\n\n betterbrandModal.confirm({title:"Delete confirm",message:"Are you sure you want to delete?"}).then(\n function(resolved){},\n function(rejected){}\n );\n\n\n\n',
84 silly publish   readmeFilename: 'README.md',
84 silly publish   _id: 'lwng-modal@0.0.0',
84 silly publish   dist: { shasum: 'd2782f1a320e8493b9256db634858127434c46df' },
84 silly publish   _from: '.' }
85 error need auth auth and email required for publishing
85 error need auth You need to authorize this machine using `npm adduser`
86 error System Linux 3.16.0-34-generic
87 error command "/usr/bin/nodejs" "/usr/bin/npm" "publish"
88 error cwd /home/mihaly/Documents/_lwng/lwng-modal
89 error node -v v0.10.25
90 error npm -v 1.3.10
91 error code ENEEDAUTH
92 verbose exit [ 1, true ]
